  [1m[35m (474.7ms)[0m  [1m[35mCREATE DATABASE "DogeBird_development" ENCODING = 'unicode'[0m
  [1m[35m (184.6ms)[0m  [1m[35mCREATE DATABASE "DogeBird_test" ENCODING = 'unicode'[0m
  [1m[35m (50.7ms)[0m  [1m[35mCREATE TABLE "schema_migrations" ("version" character varying NOT NULL PRIMARY KEY)[0m
  [1m[35m (7.2ms)[0m  [1m[35mCREATE TABLE "ar_internal_metadata" ("key" character varying NOT NULL PRIMARY KEY, "value" character varying, "created_at" timestamp(6) NOT NULL, "updated_at" timestamp(6) NOT NULL)[0m
  [1m[35m (0.2ms)[0m  [1m[34mSELECT pg_try_advisory_lock(3310928071694628840)[0m
  [1m[36mActiveRecord::SchemaMigration Pluck (0.9ms)[0m  [1m[34mSELECT "schema_migrations"."version" FROM "schema_migrations" ORDER BY "schema_migrations"."version" ASC[0m
Migrating to CreateUsers (20230105174429)
  [1m[36mTRANSACTION (0.3ms)[0m  [1m[35mBEGIN[0m
  [1m[35m (5.4ms)[0m  [1m[35mCREATE TABLE "users" ("id" bigserial primary key, "username" character varying NOT NULL, "email" character varying NOT NULL, "created_at" timestamp(6) NOT NULL, "updated_at" timestamp(6) NOT NULL)[0m
  [1m[35m (3.1ms)[0m  [1m[35mCREATE UNIQUE INDEX "index_users_on_username" ON "users" ("username")[0m
  [1m[35m (1.8ms)[0m  [1m[35mCREATE UNIQUE INDEX "index_users_on_email" ON "users" ("email")[0m
  [1m[36mActiveRecord::SchemaMigration Create (15.6ms)[0m  [1m[32mINSERT INTO "schema_migrations" ("version") VALUES ($1) RETURNING "version"[0m  [["version", "20230105174429"]]
  [1m[36mTRANSACTION (7.3ms)[0m  [1m[35mCOMMIT[0m
  [1m[36mActiveRecord::InternalMetadata Load (0.5ms)[0m  [1m[34mSELECT "ar_internal_metadata".* FROM "ar_internal_metadata" WHERE "ar_internal_metadata"."key" = $1 LIMIT $2[0m  [["key", "environment"], ["LIMIT", 1]]
  [1m[36mTRANSACTION (0.9ms)[0m  [1m[35mBEGIN[0m
  [1m[36mActiveRecord::InternalMetadata Create (1.7ms)[0m  [1m[32mINSERT INTO "ar_internal_metadata" ("key", "value", "created_at", "updated_at") VALUES ($1, $2, $3, $4) RETURNING "key"[0m  [["key", "environment"], ["value", "development"], ["created_at", "2023-01-05 17:58:04.093489"], ["updated_at", "2023-01-05 17:58:04.093489"]]
  [1m[36mTRANSACTION (0.4ms)[0m  [1m[35mCOMMIT[0m
  [1m[35m (0.3ms)[0m  [1m[34mSELECT pg_advisory_unlock(3310928071694628840)[0m
  [1m[36mActiveRecord::SchemaMigration Pluck (13.4ms)[0m  [1m[34mSELECT "schema_migrations"."version" FROM "schema_migrations" ORDER BY "schema_migrations"."version" ASC[0m
  [1m[36mActiveRecord::SchemaMigration Pluck (0.6ms)[0m  [1m[34mSELECT "schema_migrations"."version" FROM "schema_migrations" ORDER BY "schema_migrations"."version" ASC[0m
  [1m[36mActiveRecord::SchemaMigration Pluck (1.0ms)[0m  [1m[34mSELECT "schema_migrations"."version" FROM "schema_migrations" ORDER BY "schema_migrations"."version" ASC[0m
  [1m[35m (0.2ms)[0m  [1m[34mSELECT pg_try_advisory_lock(3310928071694628840)[0m
  [1m[36mActiveRecord::SchemaMigration Pluck (0.6ms)[0m  [1m[34mSELECT "schema_migrations"."version" FROM "schema_migrations" ORDER BY "schema_migrations"."version" ASC[0m
Migrating to AddFcAndAgeToUsers (20230105181754)
  [1m[36mTRANSACTION (0.1ms)[0m  [1m[35mBEGIN[0m
  [1m[35m (13.2ms)[0m  [1m[35mALTER TABLE "users" ADD "favorite_coin" character varying NOT NULL[0m
  [1m[35m (1.2ms)[0m  [1m[35mALTER TABLE "users" ADD "age" integer NOT NULL[0m
  [1m[35m (4.8ms)[0m  [1m[35mCREATE INDEX "index_users_on_favorite_coin" ON "users" ("favorite_coin")[0m
  [1m[36mActiveRecord::SchemaMigration Create (2.7ms)[0m  [1m[32mINSERT INTO "schema_migrations" ("version") VALUES ($1) RETURNING "version"[0m  [["version", "20230105181754"]]
  [1m[36mTRANSACTION (1.1ms)[0m  [1m[35mCOMMIT[0m
  [1m[36mActiveRecord::InternalMetadata Load (6.1ms)[0m  [1m[34mSELECT "ar_internal_metadata".* FROM "ar_internal_metadata" WHERE "ar_internal_metadata"."key" = $1 LIMIT $2[0m  [["key", "environment"], ["LIMIT", 1]]
  [1m[35m (0.8ms)[0m  [1m[34mSELECT pg_advisory_unlock(3310928071694628840)[0m
  [1m[36mActiveRecord::SchemaMigration Pluck (1.2ms)[0m  [1m[34mSELECT "schema_migrations"."version" FROM "schema_migrations" ORDER BY "schema_migrations"."version" ASC[0m
  [1m[35m (0.2ms)[0m  [1m[34mSELECT pg_try_advisory_lock(3310928071694628840)[0m
  [1m[36mActiveRecord::SchemaMigration Pluck (0.8ms)[0m  [1m[34mSELECT "schema_migrations"."version" FROM "schema_migrations" ORDER BY "schema_migrations"."version" ASC[0m
Migrating to CreateChirps (20230105182642)
  [1m[35m (0.3ms)[0m  [1m[34mSELECT pg_advisory_unlock(3310928071694628840)[0m
  [1m[35m (0.2ms)[0m  [1m[34mSELECT pg_try_advisory_lock(3310928071694628840)[0m
  [1m[36mActiveRecord::SchemaMigration Pluck (1.2ms)[0m  [1m[34mSELECT "schema_migrations"."version" FROM "schema_migrations" ORDER BY "schema_migrations"."version" ASC[0m
Migrating to CreateChirps (20230105182642)
  [1m[35m (0.3ms)[0m  [1m[34mSELECT pg_advisory_unlock(3310928071694628840)[0m
  [1m[35m (0.2ms)[0m  [1m[34mSELECT pg_try_advisory_lock(3310928071694628840)[0m
  [1m[36mActiveRecord::SchemaMigration Pluck (0.8ms)[0m  [1m[34mSELECT "schema_migrations"."version" FROM "schema_migrations" ORDER BY "schema_migrations"."version" ASC[0m
Migrating to CreateChirps (20230105182642)
  [1m[36mTRANSACTION (0.9ms)[0m  [1m[35mBEGIN[0m
  [1m[35m (15.3ms)[0m  [1m[35mCREATE TABLE "chirps" ("id" bigserial primary key, "body" text NOT NULL, "author_id" bigint NOT NULL, "created_at" timestamp(6) NOT NULL, "updated_at" timestamp(6) NOT NULL, CONSTRAINT "fk_rails_2c167ddde9"
FOREIGN KEY ("author_id")
  REFERENCES "users" ("id")
)[0m
  [1m[35m (1.1ms)[0m  [1m[35mCREATE INDEX "index_chirps_on_author_id" ON "chirps" ("author_id")[0m
  [1m[36mActiveRecord::SchemaMigration Create (1.4ms)[0m  [1m[32mINSERT INTO "schema_migrations" ("version") VALUES ($1) RETURNING "version"[0m  [["version", "20230105182642"]]
  [1m[36mTRANSACTION (3.3ms)[0m  [1m[35mCOMMIT[0m
  [1m[36mActiveRecord::InternalMetadata Load (0.7ms)[0m  [1m[34mSELECT "ar_internal_metadata".* FROM "ar_internal_metadata" WHERE "ar_internal_metadata"."key" = $1 LIMIT $2[0m  [["key", "environment"], ["LIMIT", 1]]
  [1m[35m (0.3ms)[0m  [1m[34mSELECT pg_advisory_unlock(3310928071694628840)[0m
  [1m[36mActiveRecord::SchemaMigration Pluck (0.5ms)[0m  [1m[34mSELECT "schema_migrations"."version" FROM "schema_migrations" ORDER BY "schema_migrations"."version" ASC[0m
  [1m[36mActiveRecord::SchemaMigration Pluck (0.5ms)[0m  [1m[34mSELECT "schema_migrations"."version" FROM "schema_migrations" ORDER BY "schema_migrations"."version" ASC[0m
  [1m[36mActiveRecord::SchemaMigration Pluck (0.7ms)[0m  [1m[34mSELECT "schema_migrations"."version" FROM "schema_migrations" ORDER BY "schema_migrations"."version" ASC[0m
  [1m[36mTRANSACTION (2.0ms)[0m  [1m[35mBEGIN[0m
  [1m[36mUser Exists? (13.1ms)[0m  [1m[34mSELECT 1 AS one FROM "users" WHERE "users"."username" = $1 LIMIT $2[0m  [["username", "paulobocanegra"], ["LIMIT", 1]]
  [1m[36mUser Exists? (5.5ms)[0m  [1m[34mSELECT 1 AS one FROM "users" WHERE "users"."email" = $1 LIMIT $2[0m  [["email", "pbocanegra@appacademy.io"], ["LIMIT", 1]]
  [1m[36mUser Create (18.6ms)[0m  [1m[32mINSERT INTO "users" ("username", "email", "created_at", "updated_at", "favorite_coin", "age") VALUES ($1, $2, $3, $4, $5, $6) RETURNING "id"[0m  [["username", "paulobocanegra"], ["email", "pbocanegra@appacademy.io"], ["created_at", "2023-01-05 18:56:23.135185"], ["updated_at", "2023-01-05 18:56:23.135185"], ["favorite_coin", nil], ["age", nil]]
  [1m[36mTRANSACTION (1.4ms)[0m  [1m[31mROLLBACK[0m
  [1m[36mTRANSACTION (3.5ms)[0m  [1m[35mBEGIN[0m
  [1m[36mUser Exists? (7.7ms)[0m  [1m[34mSELECT 1 AS one FROM "users" WHERE "users"."username" = $1 LIMIT $2[0m  [["username", "paulobocanegra"], ["LIMIT", 1]]
  [1m[36mUser Exists? (1.4ms)[0m  [1m[34mSELECT 1 AS one FROM "users" WHERE "users"."email" = $1 LIMIT $2[0m  [["email", "pbocanegra@appacademy.io"], ["LIMIT", 1]]
  [1m[36mUser Create (4.4ms)[0m  [1m[32mINSERT INTO "users" ("username", "email", "created_at", "updated_at", "favorite_coin", "age") VALUES ($1, $2, $3, $4, $5, $6) RETURNING "id"[0m  [["username", "paulobocanegra"], ["email", "pbocanegra@appacademy.io"], ["created_at", "2023-01-05 18:58:38.773490"], ["updated_at", "2023-01-05 18:58:38.773490"], ["favorite_coin", "ETH"], ["age", 29]]
  [1m[36mTRANSACTION (5.3ms)[0m  [1m[35mCOMMIT[0m
  [1m[36mTRANSACTION (0.4ms)[0m  [1m[35mBEGIN[0m
  [1m[36mUser Exists? (0.9ms)[0m  [1m[34mSELECT 1 AS one FROM "users" WHERE "users"."username" = $1 LIMIT $2[0m  [["username", "paulobocanegra"], ["LIMIT", 1]]
  [1m[36mUser Exists? (0.9ms)[0m  [1m[34mSELECT 1 AS one FROM "users" WHERE "users"."email" = $1 LIMIT $2[0m  [["email", "pbocanegra@appacademy.io"], ["LIMIT", 1]]
  [1m[36mTRANSACTION (0.7ms)[0m  [1m[31mROLLBACK[0m
  [1m[36mActiveRecord::SchemaMigration Pluck (0.5ms)[0m  [1m[34mSELECT "schema_migrations"."version" FROM "schema_migrations" ORDER BY "schema_migrations"."version" ASC[0m
  [1m[36mTRANSACTION (0.2ms)[0m  [1m[35mBEGIN[0m
  [1m[36mChirp Create (22.0ms)[0m  [1m[32mINSERT INTO "chirps" ("body", "author_id", "created_at", "updated_at") VALUES ($1, $2, $3, $4) RETURNING "id"[0m  [["body", "ETH is king"], ["author_id", 5], ["created_at", "2023-01-05 19:10:57.367326"], ["updated_at", "2023-01-05 19:10:57.367326"]]
  [1m[36mTRANSACTION (2.5ms)[0m  [1m[31mROLLBACK[0m
  [1m[36mTRANSACTION (1.5ms)[0m  [1m[35mBEGIN[0m
  [1m[36mChirp Create (1.9ms)[0m  [1m[32mINSERT INTO "chirps" ("body", "author_id", "created_at", "updated_at") VALUES ($1, $2, $3, $4) RETURNING "id"[0m  [["body", "ETH is king"], ["author_id", 5], ["created_at", "2023-01-05 19:10:57.367326"], ["updated_at", "2023-01-05 19:10:57.367326"]]
  [1m[36mTRANSACTION (1.2ms)[0m  [1m[31mROLLBACK[0m
  [1m[36mTRANSACTION (0.7ms)[0m  [1m[35mBEGIN[0m
  [1m[36mChirp Create (3.5ms)[0m  [1m[32mINSERT INTO "chirps" ("body", "author_id", "created_at", "updated_at") VALUES ($1, $2, $3, $4) RETURNING "id"[0m  [["body", "ETH is the best"], ["author_id", 5], ["created_at", "2023-01-05 19:25:00.065790"], ["updated_at", "2023-01-05 19:25:00.065790"]]
  [1m[36mTRANSACTION (0.6ms)[0m  [1m[31mROLLBACK[0m
  [1m[36mTRANSACTION (0.5ms)[0m  [1m[35mBEGIN[0m
  [1m[36mChirp Create (5.0ms)[0m  [1m[32mINSERT INTO "chirps" ("body", "author_id", "created_at", "updated_at") VALUES ($1, $2, $3, $4) RETURNING "id"[0m  [["body", "hello world hello word hello word hello word hello world hello word"], ["author_id", 5], ["created_at", "2023-01-05 19:28:37.751142"], ["updated_at", "2023-01-05 19:28:37.751142"]]
  [1m[36mTRANSACTION (0.8ms)[0m  [1m[31mROLLBACK[0m
  [1m[36mTRANSACTION (0.2ms)[0m  [1m[35mBEGIN[0m
  [1m[36mChirp Create (1.1ms)[0m  [1m[32mINSERT INTO "chirps" ("body", "author_id", "created_at", "updated_at") VALUES ($1, $2, $3, $4) RETURNING "id"[0m  [["body", "hello world hello word hello word hello word hello world hello word"], ["author_id", 5], ["created_at", "2023-01-05 19:28:37.751142"], ["updated_at", "2023-01-05 19:28:37.751142"]]
  [1m[36mTRANSACTION (0.9ms)[0m  [1m[31mROLLBACK[0m
  [1m[36mActiveRecord::SchemaMigration Pluck (0.6ms)[0m  [1m[34mSELECT "schema_migrations"."version" FROM "schema_migrations" ORDER BY "schema_migrations"."version" ASC[0m
  [1m[36mActiveRecord::InternalMetadata Pluck (1.7ms)[0m  [1m[34mSELECT "ar_internal_metadata"."value" FROM "ar_internal_metadata" WHERE "ar_internal_metadata"."key" = $1 LIMIT $2[0m  [["key", "environment"], ["LIMIT", 1]]
  [1m[36mActiveRecord::SchemaMigration Pluck (0.2ms)[0m  [1m[34mSELECT "schema_migrations"."version" FROM "schema_migrations" ORDER BY "schema_migrations"."version" ASC[0m
  [1m[36mActiveRecord::InternalMetadata Pluck (0.2ms)[0m  [1m[34mSELECT "ar_internal_metadata"."value" FROM "ar_internal_metadata" WHERE "ar_internal_metadata"."key" = $1 LIMIT $2[0m  [["key", "environment"], ["LIMIT", 1]]
  [1m[36mActiveRecord::SchemaMigration Pluck (0.1ms)[0m  [1m[34mSELECT "schema_migrations"."version" FROM "schema_migrations" ORDER BY "schema_migrations"."version" ASC[0m
  [1m[36mActiveRecord::InternalMetadata Pluck (0.1ms)[0m  [1m[34mSELECT "ar_internal_metadata"."value" FROM "ar_internal_metadata" WHERE "ar_internal_metadata"."key" = $1 LIMIT $2[0m  [["key", "environment"], ["LIMIT", 1]]
  [1m[35m (83.7ms)[0m  [1m[35mDROP DATABASE IF EXISTS "DogeBird_development"[0m
  [1m[35m (57.9ms)[0m  [1m[35mDROP DATABASE IF EXISTS "DogeBird_test"[0m
  [1m[35m (216.9ms)[0m  [1m[35mCREATE DATABASE "DogeBird_development" ENCODING = 'unicode'[0m
  [1m[35m (188.3ms)[0m  [1m[35mCREATE DATABASE "DogeBird_test" ENCODING = 'unicode'[0m
  [1m[35mSQL (0.7ms)[0m  [1m[35mCREATE EXTENSION IF NOT EXISTS "plpgsql"[0m
  [1m[35m (0.8ms)[0m  [1m[35mDROP TABLE IF EXISTS "chirps" CASCADE[0m
  [1m[35m (6.1ms)[0m  [1m[35mCREATE TABLE "chirps" ("id" bigserial primary key, "body" text NOT NULL, "author_id" bigint NOT NULL, "created_at" timestamp(6) NOT NULL, "updated_at" timestamp(6) NOT NULL)[0m
  [1m[35m (1.0ms)[0m  [1m[35mCREATE INDEX "index_chirps_on_author_id" ON "chirps" ("author_id")[0m
  [1m[35m (0.2ms)[0m  [1m[35mDROP TABLE IF EXISTS "users" CASCADE[0m
  [1m[35m (3.9ms)[0m  [1m[35mCREATE TABLE "users" ("id" bigserial primary key, "username" character varying NOT NULL, "email" character varying NOT NULL, "created_at" timestamp(6) NOT NULL, "updated_at" timestamp(6) NOT NULL, "favorite_coin" character varying NOT NULL, "age" integer NOT NULL)[0m
  [1m[35m (1.5ms)[0m  [1m[35mCREATE UNIQUE INDEX "index_users_on_email" ON "users" ("email")[0m
  [1m[35m (1.4ms)[0m  [1m[35mCREATE INDEX "index_users_on_favorite_coin" ON "users" ("favorite_coin")[0m
  [1m[35m (1.3ms)[0m  [1m[35mCREATE UNIQUE INDEX "index_users_on_username" ON "users" ("username")[0m
  [1m[35m (2.9ms)[0m  [1m[35mALTER TABLE "chirps" ADD CONSTRAINT "fk_rails_2c167ddde9"
FOREIGN KEY ("author_id")
  REFERENCES "users" ("id")
[0m
  [1m[35m (3.8ms)[0m  [1m[35mCREATE TABLE "schema_migrations" ("version" character varying NOT NULL PRIMARY KEY)[0m
  [1m[36mActiveRecord::SchemaMigration Pluck (0.6ms)[0m  [1m[34mSELECT "schema_migrations"."version" FROM "schema_migrations" ORDER BY "schema_migrations"."version" ASC[0m
  [1m[35m (0.7ms)[0m  [1m[32mINSERT INTO "schema_migrations" (version) VALUES (20230105182642)[0m
  [1m[35m (0.5ms)[0m  [1m[32mINSERT INTO "schema_migrations" (version) VALUES
(20230105174429),
(20230105181754);

[0m
  [1m[35m (3.1ms)[0m  [1m[35mCREATE TABLE "ar_internal_metadata" ("key" character varying NOT NULL PRIMARY KEY, "value" character varying, "created_at" timestamp(6) NOT NULL, "updated_at" timestamp(6) NOT NULL)[0m
  [1m[36mActiveRecord::InternalMetadata Load (0.3ms)[0m  [1m[34mSELECT "ar_internal_metadata".* FROM "ar_internal_metadata" WHERE "ar_internal_metadata"."key" = $1 LIMIT $2[0m  [["key", "environment"], ["LIMIT", 1]]
  [1m[36mTRANSACTION (0.1ms)[0m  [1m[35mBEGIN[0m
  [1m[36mActiveRecord::InternalMetadata Create (0.5ms)[0m  [1m[32mINSERT INTO "ar_internal_metadata" ("key", "value", "created_at", "updated_at") VALUES ($1, $2, $3, $4) RETURNING "key"[0m  [["key", "environment"], ["value", "development"], ["created_at", "2023-01-05 19:49:08.051044"], ["updated_at", "2023-01-05 19:49:08.051044"]]
  [1m[36mTRANSACTION (0.4ms)[0m  [1m[35mCOMMIT[0m
  [1m[36mActiveRecord::InternalMetadata Load (0.2ms)[0m  [1m[34mSELECT "ar_internal_metadata".* FROM "ar_internal_metadata" WHERE "ar_internal_metadata"."key" = $1 LIMIT $2[0m  [["key", "environment"], ["LIMIT", 1]]
  [1m[36mActiveRecord::InternalMetadata Load (0.2ms)[0m  [1m[34mSELECT "ar_internal_metadata".* FROM "ar_internal_metadata" WHERE "ar_internal_metadata"."key" = $1 LIMIT $2[0m  [["key", "schema_sha1"], ["LIMIT", 1]]
  [1m[36mTRANSACTION (0.2ms)[0m  [1m[35mBEGIN[0m
  [1m[36mActiveRecord::InternalMetadata Create (1.5ms)[0m  [1m[32mINSERT INTO "ar_internal_metadata" ("key", "value", "created_at", "updated_at") VALUES ($1, $2, $3, $4) RETURNING "key"[0m  [["key", "schema_sha1"], ["value", "8edf30768290f7df0c5616523b548b510609e983"], ["created_at", "2023-01-05 19:49:08.060394"], ["updated_at", "2023-01-05 19:49:08.060394"]]
  [1m[36mTRANSACTION (0.3ms)[0m  [1m[35mCOMMIT[0m
  [1m[35mSQL (0.2ms)[0m  [1m[35mCREATE EXTENSION IF NOT EXISTS "plpgsql"[0m
  [1m[35m (0.4ms)[0m  [1m[35mDROP TABLE IF EXISTS "chirps" CASCADE[0m
  [1m[35m (5.4ms)[0m  [1m[35mCREATE TABLE "chirps" ("id" bigserial primary key, "body" text NOT NULL, "author_id" bigint NOT NULL, "created_at" timestamp(6) NOT NULL, "updated_at" timestamp(6) NOT NULL)[0m
  [1m[35m (1.0ms)[0m  [1m[35mCREATE INDEX "index_chirps_on_author_id" ON "chirps" ("author_id")[0m
  [1m[35m (0.8ms)[0m  [1m[35mDROP TABLE IF EXISTS "users" CASCADE[0m
  [1m[35m (3.2ms)[0m  [1m[35mCREATE TABLE "users" ("id" bigserial primary key, "username" character varying NOT NULL, "email" character varying NOT NULL, "created_at" timestamp(6) NOT NULL, "updated_at" timestamp(6) NOT NULL, "favorite_coin" character varying NOT NULL, "age" integer NOT NULL)[0m
  [1m[35m (1.4ms)[0m  [1m[35mCREATE UNIQUE INDEX "index_users_on_email" ON "users" ("email")[0m
  [1m[35m (1.4ms)[0m  [1m[35mCREATE INDEX "index_users_on_favorite_coin" ON "users" ("favorite_coin")[0m
  [1m[35m (1.4ms)[0m  [1m[35mCREATE UNIQUE INDEX "index_users_on_username" ON "users" ("username")[0m
  [1m[35m (2.8ms)[0m  [1m[35mALTER TABLE "chirps" ADD CONSTRAINT "fk_rails_2c167ddde9"
FOREIGN KEY ("author_id")
  REFERENCES "users" ("id")
[0m
  [1m[35m (5.7ms)[0m  [1m[35mCREATE TABLE "schema_migrations" ("version" character varying NOT NULL PRIMARY KEY)[0m
  [1m[36mActiveRecord::SchemaMigration Pluck (0.7ms)[0m  [1m[34mSELECT "schema_migrations"."version" FROM "schema_migrations" ORDER BY "schema_migrations"."version" ASC[0m
  [1m[35m (0.8ms)[0m  [1m[32mINSERT INTO "schema_migrations" (version) VALUES (20230105182642)[0m
  [1m[35m (0.6ms)[0m  [1m[32mINSERT INTO "schema_migrations" (version) VALUES
(20230105174429),
(20230105181754);

[0m
  [1m[35m (3.2ms)[0m  [1m[35mCREATE TABLE "ar_internal_metadata" ("key" character varying NOT NULL PRIMARY KEY, "value" character varying, "created_at" timestamp(6) NOT NULL, "updated_at" timestamp(6) NOT NULL)[0m
  [1m[36mActiveRecord::InternalMetadata Load (0.4ms)[0m  [1m[34mSELECT "ar_internal_metadata".* FROM "ar_internal_metadata" WHERE "ar_internal_metadata"."key" = $1 LIMIT $2[0m  [["key", "environment"], ["LIMIT", 1]]
  [1m[36mTRANSACTION (0.1ms)[0m  [1m[35mBEGIN[0m
  [1m[36mActiveRecord::InternalMetadata Create (0.6ms)[0m  [1m[32mINSERT INTO "ar_internal_metadata" ("key", "value", "created_at", "updated_at") VALUES ($1, $2, $3, $4) RETURNING "key"[0m  [["key", "environment"], ["value", "development"], ["created_at", "2023-01-05 19:49:08.138366"], ["updated_at", "2023-01-05 19:49:08.138366"]]
  [1m[36mTRANSACTION (0.4ms)[0m  [1m[35mCOMMIT[0m
  [1m[36mActiveRecord::InternalMetadata Load (0.2ms)[0m  [1m[34mSELECT "ar_internal_metadata".* FROM "ar_internal_metadata" WHERE "ar_internal_metadata"."key" = $1 LIMIT $2[0m  [["key", "environment"], ["LIMIT", 1]]
  [1m[36mTRANSACTION (0.1ms)[0m  [1m[35mBEGIN[0m
  [1m[36mActiveRecord::InternalMetadata Update (2.5ms)[0m  [1m[33mUPDATE "ar_internal_metadata" SET "value" = $1, "updated_at" = $2 WHERE "ar_internal_metadata"."key" = $3[0m  [["value", "test"], ["updated_at", "2023-01-05 19:49:08.144824"], ["key", "environment"]]
  [1m[36mTRANSACTION (0.4ms)[0m  [1m[35mCOMMIT[0m
  [1m[36mActiveRecord::InternalMetadata Load (0.2ms)[0m  [1m[34mSELECT "ar_internal_metadata".* FROM "ar_internal_metadata" WHERE "ar_internal_metadata"."key" = $1 LIMIT $2[0m  [["key", "schema_sha1"], ["LIMIT", 1]]
  [1m[36mTRANSACTION (0.1ms)[0m  [1m[35mBEGIN[0m
  [1m[36mActiveRecord::InternalMetadata Create (1.2ms)[0m  [1m[32mINSERT INTO "ar_internal_metadata" ("key", "value", "created_at", "updated_at") VALUES ($1, $2, $3, $4) RETURNING "key"[0m  [["key", "schema_sha1"], ["value", "8edf30768290f7df0c5616523b548b510609e983"], ["created_at", "2023-01-05 19:49:08.152051"], ["updated_at", "2023-01-05 19:49:08.152051"]]
  [1m[36mTRANSACTION (0.5ms)[0m  [1m[35mCOMMIT[0m
  [1m[36mActiveRecord::SchemaMigration Pluck (0.6ms)[0m  [1m[34mSELECT "schema_migrations"."version" FROM "schema_migrations" ORDER BY "schema_migrations"."version" ASC[0m
  [1m[35m (0.3ms)[0m  [1m[34mSELECT pg_try_advisory_lock(3310928071694628840)[0m
  [1m[36mActiveRecord::SchemaMigration Pluck (0.9ms)[0m  [1m[34mSELECT "schema_migrations"."version" FROM "schema_migrations" ORDER BY "schema_migrations"."version" ASC[0m
Migrating to CreateLikes (20230105195229)
  [1m[36mTRANSACTION (0.9ms)[0m  [1m[35mBEGIN[0m
  [1m[35m (9.8ms)[0m  [1m[35mCREATE TABLE "likes" ("id" bigserial primary key, "liker_id" bigint, "chirp_id" bigint, "created_at" timestamp(6) NOT NULL, "updated_at" timestamp(6) NOT NULL, CONSTRAINT "fk_rails_ad8161ed3a"
FOREIGN KEY ("liker_id")
  REFERENCES "users" ("id")
, CONSTRAINT "fk_rails_9289cf7c1b"
FOREIGN KEY ("chirp_id")
  REFERENCES "chirps" ("id")
)[0m
  [1m[35m (2.7ms)[0m  [1m[35mCREATE INDEX "index_likes_on_liker_id" ON "likes" ("liker_id")[0m
  [1m[35m (3.2ms)[0m  [1m[35mCREATE INDEX "index_likes_on_chirp_id" ON "likes" ("chirp_id")[0m
  [1m[36mActiveRecord::SchemaMigration Create (1.7ms)[0m  [1m[32mINSERT INTO "schema_migrations" ("version") VALUES ($1) RETURNING "version"[0m  [["version", "20230105195229"]]
  [1m[36mTRANSACTION (4.6ms)[0m  [1m[35mCOMMIT[0m
  [1m[36mActiveRecord::InternalMetadata Load (1.0ms)[0m  [1m[34mSELECT "ar_internal_metadata".* FROM "ar_internal_metadata" WHERE "ar_internal_metadata"."key" = $1 LIMIT $2[0m  [["key", "environment"], ["LIMIT", 1]]
  [1m[35m (0.9ms)[0m  [1m[34mSELECT pg_advisory_unlock(3310928071694628840)[0m
  [1m[36mActiveRecord::SchemaMigration Pluck (2.3ms)[0m  [1m[34mSELECT "schema_migrations"."version" FROM "schema_migrations" ORDER BY "schema_migrations"."version" ASC[0m
  [1m[35m (0.7ms)[0m  [1m[34mSELECT pg_try_advisory_lock(3310928071694628840)[0m
  [1m[36mActiveRecord::SchemaMigration Pluck (1.9ms)[0m  [1m[34mSELECT "schema_migrations"."version" FROM "schema_migrations" ORDER BY "schema_migrations"."version" ASC[0m
Migrating to AddUniqueToLikesForLikerAndChirp (20230105195618)
  [1m[36mTRANSACTION (0.2ms)[0m  [1m[35mBEGIN[0m
  [1m[35m (2.1ms)[0m  [1m[35mCREATE UNIQUE INDEX "index_likes_on_liker_id_and_chirp_id" ON "likes" ("liker_id", "chirp_id")[0m
  [1m[36mActiveRecord::SchemaMigration Create (1.0ms)[0m  [1m[32mINSERT INTO "schema_migrations" ("version") VALUES ($1) RETURNING "version"[0m  [["version", "20230105195618"]]
  [1m[36mTRANSACTION (3.8ms)[0m  [1m[35mCOMMIT[0m
  [1m[36mActiveRecord::InternalMetadata Load (2.8ms)[0m  [1m[34mSELECT "ar_internal_metadata".* FROM "ar_internal_metadata" WHERE "ar_internal_metadata"."key" = $1 LIMIT $2[0m  [["key", "environment"], ["LIMIT", 1]]
  [1m[35m (0.2ms)[0m  [1m[34mSELECT pg_advisory_unlock(3310928071694628840)[0m
  [1m[36mActiveRecord::SchemaMigration Pluck (2.5ms)[0m  [1m[34mSELECT "schema_migrations"."version" FROM "schema_migrations" ORDER BY "schema_migrations"."version" ASC[0m
  [1m[35m (0.2ms)[0m  [1m[34mSELECT pg_try_advisory_lock(3310928071694628840)[0m
  [1m[36mActiveRecord::SchemaMigration Pluck (5.1ms)[0m  [1m[34mSELECT "schema_migrations"."version" FROM "schema_migrations" ORDER BY "schema_migrations"."version" ASC[0m
Migrating to UpdateIndecisOnLikes (20230105200211)
  [1m[36mTRANSACTION (0.2ms)[0m  [1m[35mBEGIN[0m
  [1m[35m (6.6ms)[0m  [1m[35mALTER TABLE "likes" DROP COLUMN "liker_id"[0m
  [1m[35m (0.6ms)[0m  [1m[35mALTER TABLE "likes" DROP COLUMN "chirp_id"[0m
  [1m[35m (1.0ms)[0m  [1m[35mALTER TABLE "likes" ADD "liker_id" bigint NOT NULL[0m
  [1m[35m (9.6ms)[0m  [1m[35mCREATE INDEX "index_likes_on_liker_id" ON "likes" ("liker_id")[0m
  [1m[35m (5.7ms)[0m  [1m[35mALTER TABLE "likes" ADD CONSTRAINT "fk_rails_ad8161ed3a"
FOREIGN KEY ("liker_id")
  REFERENCES "users" ("id")
[0m
  [1m[35m (0.5ms)[0m  [1m[35mALTER TABLE "likes" ADD "chirp_id" bigint NOT NULL[0m
  [1m[35m (1.7ms)[0m  [1m[35mCREATE INDEX "index_likes_on_chirp_id" ON "likes" ("chirp_id")[0m
  [1m[35m (1.5ms)[0m  [1m[35mALTER TABLE "likes" ADD CONSTRAINT "fk_rails_9289cf7c1b"
FOREIGN KEY ("chirp_id")
  REFERENCES "chirps" ("id")
[0m
  [1m[35m (2.3ms)[0m  [1m[35mCREATE UNIQUE INDEX "index_likes_on_liker_id_and_chirp_id" ON "likes" ("liker_id", "chirp_id")[0m
  [1m[36mActiveRecord::SchemaMigration Create (0.4ms)[0m  [1m[32mINSERT INTO "schema_migrations" ("version") VALUES ($1) RETURNING "version"[0m  [["version", "20230105200211"]]
  [1m[36mTRANSACTION (2.4ms)[0m  [1m[35mCOMMIT[0m
  [1m[36mActiveRecord::InternalMetadata Load (13.5ms)[0m  [1m[34mSELECT "ar_internal_metadata".* FROM "ar_internal_metadata" WHERE "ar_internal_metadata"."key" = $1 LIMIT $2[0m  [["key", "environment"], ["LIMIT", 1]]
  [1m[35m (27.0ms)[0m  [1m[34mSELECT pg_advisory_unlock(3310928071694628840)[0m
  [1m[36mActiveRecord::SchemaMigration Pluck (1.9ms)[0m  [1m[34mSELECT "schema_migrations"."version" FROM "schema_migrations" ORDER BY "schema_migrations"."version" ASC[0m
Started GET "/chirps" for ::1 at 2023-01-11 10:55:54 -0800
  [1m[36mActiveRecord::SchemaMigration Pluck (4.6ms)[0m  [1m[34mSELECT "schema_migrations"."version" FROM "schema_migrations" ORDER BY "schema_migrations"."version" ASC[0m
Processing by ChirpsController#index as */*
Completed 500 Internal Server Error in 17ms (ActiveRecord: 0.0ms | Allocations: 6320)



NameError - undefined local variable or method `chirps' for #<ChirpsController:0x00000000003e58>
        render json: chirps #json makes it an object stands for JavaScript Object Notation
                     ^^^^^^
Did you mean?  @chirps:
  app/controllers/chirps_controller.rb:4:in `index'

Started GET "/chirps" for ::1 at 2023-01-11 11:00:34 -0800
  [1m[36mActiveRecord::SchemaMigration Pluck (1.1ms)[0m  [1m[34mSELECT "schema_migrations"."version" FROM "schema_migrations" ORDER BY "schema_migrations"."version" ASC[0m
Processing by ChirpsController#index as */*
  [1m[36mChirp Load (19.5ms)[0m  [1m[34mSELECT "chirps".* FROM "chirps"[0m
  ↳ app/controllers/chirps_controller.rb:4:in `index'
Completed 200 OK in 49ms (Views: 15.5ms | ActiveRecord: 19.5ms | Allocations: 4276)


Started GET "/chirps" for ::1 at 2023-01-11 11:01:20 -0800
Processing by ChirpsController#index as */*
  [1m[36mChirp Load (11.9ms)[0m  [1m[34mSELECT "chirps".* FROM "chirps"[0m
  ↳ app/controllers/chirps_controller.rb:4:in `index'
Completed 200 OK in 22ms (Views: 9.1ms | ActiveRecord: 11.9ms | Allocations: 719)


Started GET "/chirps" for ::1 at 2023-01-11 11:04:23 -0800
  [1m[36mActiveRecord::SchemaMigration Pluck (1.2ms)[0m  [1m[34mSELECT "schema_migrations"."version" FROM "schema_migrations" ORDER BY "schema_migrations"."version" ASC[0m
Processing by ChirpsController#index as */*
  [1m[36mChirp Load (1.0ms)[0m  [1m[34mSELECT "chirps".* FROM "chirps"[0m
  ↳ app/controllers/chirps_controller.rb:4:in `index'
Completed 200 OK in 22ms (Views: 1.6ms | ActiveRecord: 1.0ms | Allocations: 4277)


Started GET "/chirps" for ::1 at 2023-01-11 11:07:55 -0800
Processing by ChirpsController#index as */*
  [1m[36mChirp Load (3.1ms)[0m  [1m[34mSELECT "chirps".* FROM "chirps"[0m
  ↳ app/controllers/chirps_controller.rb:4:in `index'
Completed 200 OK in 7ms (Views: 3.4ms | ActiveRecord: 3.1ms | Allocations: 719)


Started GET "/chirps" for ::1 at 2023-01-11 11:25:52 -0800
  [1m[36mActiveRecord::SchemaMigration Pluck (1.1ms)[0m  [1m[34mSELECT "schema_migrations"."version" FROM "schema_migrations" ORDER BY "schema_migrations"."version" ASC[0m
Processing by ChirpsController#index as */*
  [1m[36mChirp Load (1.1ms)[0m  [1m[34mSELECT "chirps".* FROM "chirps"[0m
  ↳ app/controllers/chirps_controller.rb:4:in `index'
Completed 200 OK in 29ms (Views: 2.5ms | ActiveRecord: 1.1ms | Allocations: 4276)


Started GET "/chirps" for ::1 at 2023-01-11 11:27:17 -0800
Processing by ChirpsController#index as HTML
  [1m[36mChirp Load (2.9ms)[0m  [1m[34mSELECT "chirps".* FROM "chirps"[0m
  ↳ app/controllers/chirps_controller.rb:4:in `index'
Completed 200 OK in 8ms (Views: 4.8ms | ActiveRecord: 2.9ms | Allocations: 729)


  [1m[35m (8.6ms)[0m  [1m[35mCREATE DATABASE "DogeBird_development" ENCODING = 'unicode'[0m
  [1m[35m (0.9ms)[0m  [1m[35mCREATE DATABASE "DogeBird_test" ENCODING = 'unicode'[0m
  [1m[36mActiveRecord::SchemaMigration Pluck (5.2ms)[0m  [1m[34mSELECT "schema_migrations"."version" FROM "schema_migrations" ORDER BY "schema_migrations"."version" ASC[0m
  [1m[36mActiveRecord::InternalMetadata Pluck (2.2ms)[0m  [1m[34mSELECT "ar_internal_metadata"."value" FROM "ar_internal_metadata" WHERE "ar_internal_metadata"."key" = $1 LIMIT $2[0m  [["key", "environment"], ["LIMIT", 1]]
  [1m[36mActiveRecord::SchemaMigration Pluck (0.2ms)[0m  [1m[34mSELECT "schema_migrations"."version" FROM "schema_migrations" ORDER BY "schema_migrations"."version" ASC[0m
  [1m[36mActiveRecord::InternalMetadata Pluck (0.2ms)[0m  [1m[34mSELECT "ar_internal_metadata"."value" FROM "ar_internal_metadata" WHERE "ar_internal_metadata"."key" = $1 LIMIT $2[0m  [["key", "environment"], ["LIMIT", 1]]
  [1m[36mActiveRecord::SchemaMigration Pluck (0.2ms)[0m  [1m[34mSELECT "schema_migrations"."version" FROM "schema_migrations" ORDER BY "schema_migrations"."version" ASC[0m
  [1m[36mActiveRecord::InternalMetadata Pluck (0.1ms)[0m  [1m[34mSELECT "ar_internal_metadata"."value" FROM "ar_internal_metadata" WHERE "ar_internal_metadata"."key" = $1 LIMIT $2[0m  [["key", "environment"], ["LIMIT", 1]]
  [1m[35mSQL (1.3ms)[0m  [1m[35mCREATE EXTENSION IF NOT EXISTS "plpgsql"[0m
  [1m[35m (45.7ms)[0m  [1m[35mDROP TABLE IF EXISTS "chirps" CASCADE[0m
  [1m[35m (27.0ms)[0m  [1m[35mCREATE TABLE "chirps" ("id" bigserial primary key, "body" text NOT NULL, "author_id" bigint NOT NULL, "created_at" timestamp(6) NOT NULL, "updated_at" timestamp(6) NOT NULL)[0m
  [1m[35m (1.7ms)[0m  [1m[35mCREATE INDEX "index_chirps_on_author_id" ON "chirps" ("author_id")[0m
  [1m[35m (6.8ms)[0m  [1m[35mDROP TABLE IF EXISTS "likes" CASCADE[0m
  [1m[35m (4.1ms)[0m  [1m[35mCREATE TABLE "likes" ("id" bigserial primary key, "created_at" timestamp(6) NOT NULL, "updated_at" timestamp(6) NOT NULL, "liker_id" bigint NOT NULL, "chirp_id" bigint NOT NULL)[0m
  [1m[35m (2.0ms)[0m  [1m[35mCREATE INDEX "index_likes_on_chirp_id" ON "likes" ("chirp_id")[0m
  [1m[35m (1.8ms)[0m  [1m[35mCREATE UNIQUE INDEX "index_likes_on_liker_id_and_chirp_id" ON "likes" ("liker_id", "chirp_id")[0m
  [1m[35m (1.5ms)[0m  [1m[35mCREATE INDEX "index_likes_on_liker_id" ON "likes" ("liker_id")[0m
  [1m[35m (3.1ms)[0m  [1m[35mDROP TABLE IF EXISTS "users" CASCADE[0m
  [1m[35m (5.0ms)[0m  [1m[35mCREATE TABLE "users" ("id" bigserial primary key, "username" character varying NOT NULL, "email" character varying NOT NULL, "created_at" timestamp(6) NOT NULL, "updated_at" timestamp(6) NOT NULL, "favorite_coin" character varying NOT NULL, "age" integer NOT NULL)[0m
  [1m[35m (5.2ms)[0m  [1m[35mCREATE UNIQUE INDEX "index_users_on_email" ON "users" ("email")[0m
  [1m[35m (3.6ms)[0m  [1m[35mCREATE INDEX "index_users_on_favorite_coin" ON "users" ("favorite_coin")[0m
  [1m[35m (2.2ms)[0m  [1m[35mCREATE UNIQUE INDEX "index_users_on_username" ON "users" ("username")[0m
  [1m[35m (3.8ms)[0m  [1m[35mALTER TABLE "chirps" ADD CONSTRAINT "fk_rails_2c167ddde9"
FOREIGN KEY ("author_id")
  REFERENCES "users" ("id")
[0m
  [1m[35m (1.8ms)[0m  [1m[35mALTER TABLE "likes" ADD CONSTRAINT "fk_rails_9289cf7c1b"
FOREIGN KEY ("chirp_id")
  REFERENCES "chirps" ("id")
[0m
  [1m[35m (2.0ms)[0m  [1m[35mALTER TABLE "likes" ADD CONSTRAINT "fk_rails_ad8161ed3a"
FOREIGN KEY ("liker_id")
  REFERENCES "users" ("id")
[0m
  [1m[36mActiveRecord::SchemaMigration Pluck (1.0ms)[0m  [1m[34mSELECT "schema_migrations"."version" FROM "schema_migrations" ORDER BY "schema_migrations"."version" ASC[0m
  [1m[36mActiveRecord::InternalMetadata Load (0.7ms)[0m  [1m[34mSELECT "ar_internal_metadata".* FROM "ar_internal_metadata" WHERE "ar_internal_metadata"."key" = $1 LIMIT $2[0m  [["key", "environment"], ["LIMIT", 1]]
  [1m[36mActiveRecord::InternalMetadata Load (8.7ms)[0m  [1m[34mSELECT "ar_internal_metadata".* FROM "ar_internal_metadata" WHERE "ar_internal_metadata"."key" = $1 LIMIT $2[0m  [["key", "environment"], ["LIMIT", 1]]
  [1m[36mActiveRecord::InternalMetadata Load (10.1ms)[0m  [1m[34mSELECT "ar_internal_metadata".* FROM "ar_internal_metadata" WHERE "ar_internal_metadata"."key" = $1 LIMIT $2[0m  [["key", "schema_sha1"], ["LIMIT", 1]]
  [1m[36mTRANSACTION (4.2ms)[0m  [1m[35mBEGIN[0m
  [1m[36mActiveRecord::InternalMetadata Update (3.5ms)[0m  [1m[33mUPDATE "ar_internal_metadata" SET "value" = $1, "updated_at" = $2 WHERE "ar_internal_metadata"."key" = $3[0m  [["value", "0a1812cc5ed1490ea5618f163a1bf251d25f27b2"], ["updated_at", "2023-01-17 18:15:10.685180"], ["key", "schema_sha1"]]
  [1m[36mTRANSACTION (0.5ms)[0m  [1m[35mCOMMIT[0m
  [1m[35mSQL (2.2ms)[0m  [1m[35mCREATE EXTENSION IF NOT EXISTS "plpgsql"[0m
  [1m[35m (16.8ms)[0m  [1m[35mDROP TABLE IF EXISTS "chirps" CASCADE[0m
  [1m[35m (12.2ms)[0m  [1m[35mCREATE TABLE "chirps" ("id" bigserial primary key, "body" text NOT NULL, "author_id" bigint NOT NULL, "created_at" timestamp(6) NOT NULL, "updated_at" timestamp(6) NOT NULL)[0m
  [1m[35m (1.2ms)[0m  [1m[35mCREATE INDEX "index_chirps_on_author_id" ON "chirps" ("author_id")[0m
  [1m[35m (0.2ms)[0m  [1m[35mDROP TABLE IF EXISTS "likes" CASCADE[0m
  [1m[35m (2.5ms)[0m  [1m[35mCREATE TABLE "likes" ("id" bigserial primary key, "created_at" timestamp(6) NOT NULL, "updated_at" timestamp(6) NOT NULL, "liker_id" bigint NOT NULL, "chirp_id" bigint NOT NULL)[0m
  [1m[35m (1.4ms)[0m  [1m[35mCREATE INDEX "index_likes_on_chirp_id" ON "likes" ("chirp_id")[0m
  [1m[35m (1.2ms)[0m  [1m[35mCREATE UNIQUE INDEX "index_likes_on_liker_id_and_chirp_id" ON "likes" ("liker_id", "chirp_id")[0m
  [1m[35m (1.4ms)[0m  [1m[35mCREATE INDEX "index_likes_on_liker_id" ON "likes" ("liker_id")[0m
  [1m[35m (2.8ms)[0m  [1m[35mDROP TABLE IF EXISTS "users" CASCADE[0m
  [1m[35m (3.7ms)[0m  [1m[35mCREATE TABLE "users" ("id" bigserial primary key, "username" character varying NOT NULL, "email" character varying NOT NULL, "created_at" timestamp(6) NOT NULL, "updated_at" timestamp(6) NOT NULL, "favorite_coin" character varying NOT NULL, "age" integer NOT NULL)[0m
  [1m[35m (1.8ms)[0m  [1m[35mCREATE UNIQUE INDEX "index_users_on_email" ON "users" ("email")[0m
  [1m[35m (1.3ms)[0m  [1m[35mCREATE INDEX "index_users_on_favorite_coin" ON "users" ("favorite_coin")[0m
  [1m[35m (1.3ms)[0m  [1m[35mCREATE UNIQUE INDEX "index_users_on_username" ON "users" ("username")[0m
  [1m[35m (3.2ms)[0m  [1m[35mALTER TABLE "chirps" ADD CONSTRAINT "fk_rails_2c167ddde9"
FOREIGN KEY ("author_id")
  REFERENCES "users" ("id")
[0m
  [1m[35m (2.0ms)[0m  [1m[35mALTER TABLE "likes" ADD CONSTRAINT "fk_rails_9289cf7c1b"
FOREIGN KEY ("chirp_id")
  REFERENCES "chirps" ("id")
[0m
  [1m[35m (1.3ms)[0m  [1m[35mALTER TABLE "likes" ADD CONSTRAINT "fk_rails_ad8161ed3a"
FOREIGN KEY ("liker_id")
  REFERENCES "users" ("id")
[0m
  [1m[36mActiveRecord::SchemaMigration Pluck (1.5ms)[0m  [1m[34mSELECT "schema_migrations"."version" FROM "schema_migrations" ORDER BY "schema_migrations"."version" ASC[0m
  [1m[35m (0.6ms)[0m  [1m[32mINSERT INTO "schema_migrations" (version) VALUES (20230105200211)[0m
  [1m[35m (0.5ms)[0m  [1m[32mINSERT INTO "schema_migrations" (version) VALUES
(20230105195229),
(20230105195618);

[0m
  [1m[36mActiveRecord::InternalMetadata Load (0.8ms)[0m  [1m[34mSELECT "ar_internal_metadata".* FROM "ar_internal_metadata" WHERE "ar_internal_metadata"."key" = $1 LIMIT $2[0m  [["key", "environment"], ["LIMIT", 1]]
  [1m[36mTRANSACTION (0.1ms)[0m  [1m[35mBEGIN[0m
  [1m[36mActiveRecord::InternalMetadata Update (1.5ms)[0m  [1m[33mUPDATE "ar_internal_metadata" SET "value" = $1, "updated_at" = $2 WHERE "ar_internal_metadata"."key" = $3[0m  [["value", "development"], ["updated_at", "2023-01-17 18:15:10.834526"], ["key", "environment"]]
  [1m[36mTRANSACTION (0.3ms)[0m  [1m[35mCOMMIT[0m
  [1m[36mActiveRecord::InternalMetadata Load (0.2ms)[0m  [1m[34mSELECT "ar_internal_metadata".* FROM "ar_internal_metadata" WHERE "ar_internal_metadata"."key" = $1 LIMIT $2[0m  [["key", "environment"], ["LIMIT", 1]]
  [1m[36mTRANSACTION (0.1ms)[0m  [1m[35mBEGIN[0m
  [1m[36mActiveRecord::InternalMetadata Update (0.3ms)[0m  [1m[33mUPDATE "ar_internal_metadata" SET "value" = $1, "updated_at" = $2 WHERE "ar_internal_metadata"."key" = $3[0m  [["value", "test"], ["updated_at", "2023-01-17 18:15:10.840642"], ["key", "environment"]]
  [1m[36mTRANSACTION (0.3ms)[0m  [1m[35mCOMMIT[0m
  [1m[36mActiveRecord::InternalMetadata Load (0.2ms)[0m  [1m[34mSELECT "ar_internal_metadata".* FROM "ar_internal_metadata" WHERE "ar_internal_metadata"."key" = $1 LIMIT $2[0m  [["key", "schema_sha1"], ["LIMIT", 1]]
  [1m[36mTRANSACTION (0.1ms)[0m  [1m[35mBEGIN[0m
  [1m[36mActiveRecord::InternalMetadata Update (0.4ms)[0m  [1m[33mUPDATE "ar_internal_metadata" SET "value" = $1, "updated_at" = $2 WHERE "ar_internal_metadata"."key" = $3[0m  [["value", "0a1812cc5ed1490ea5618f163a1bf251d25f27b2"], ["updated_at", "2023-01-17 18:15:10.844962"], ["key", "schema_sha1"]]
  [1m[36mTRANSACTION (0.3ms)[0m  [1m[35mCOMMIT[0m
  [1m[36mActiveRecord::SchemaMigration Pluck (1.1ms)[0m  [1m[34mSELECT "schema_migrations"."version" FROM "schema_migrations" ORDER BY "schema_migrations"."version" ASC[0m
  [1m[35m (0.7ms)[0m  [1m[34mSELECT pg_try_advisory_lock(3310928071694628840)[0m
  [1m[36mActiveRecord::SchemaMigration Pluck (0.6ms)[0m  [1m[34mSELECT "schema_migrations"."version" FROM "schema_migrations" ORDER BY "schema_migrations"."version" ASC[0m
Migrating to ModifyUsers (20230117181254)
  [1m[36mTRANSACTION (0.1ms)[0m  [1m[35mBEGIN[0m
  [1m[35m (1.9ms)[0m  [1m[35mALTER TABLE "users" ADD "password_digest" character varying NOT NULL[0m
  [1m[35m (0.6ms)[0m  [1m[35mALTER TABLE "users" ADD "session_token" character varying NOT NULL[0m
  [1m[35m (2.6ms)[0m  [1m[35mCREATE UNIQUE INDEX "index_users_on_session_token" ON "users" ("session_token")[0m
  [1m[36mActiveRecord::SchemaMigration Create (0.6ms)[0m  [1m[32mINSERT INTO "schema_migrations" ("version") VALUES ($1) RETURNING "version"[0m  [["version", "20230117181254"]]
  [1m[36mTRANSACTION (0.9ms)[0m  [1m[35mCOMMIT[0m
  [1m[36mActiveRecord::InternalMetadata Load (0.4ms)[0m  [1m[34mSELECT "ar_internal_metadata".* FROM "ar_internal_metadata" WHERE "ar_internal_metadata"."key" = $1 LIMIT $2[0m  [["key", "environment"], ["LIMIT", 1]]
  [1m[35m (0.3ms)[0m  [1m[34mSELECT pg_advisory_unlock(3310928071694628840)[0m
  [1m[36mActiveRecord::SchemaMigration Pluck (0.6ms)[0m  [1m[34mSELECT "schema_migrations"."version" FROM "schema_migrations" ORDER BY "schema_migrations"."version" ASC[0m
